2023.11.16 20:34:03 INFO  Started: Metals version 1.1.0 in folders '/Users/64200/Documents/scala-portfolio/hello-world' for client Visual Studio Code 1.84.2.
2023.11.16 20:34:04 WARN  Build server is not auto-connectable.
2023.11.16 20:34:07 INFO  running '/Library/Java/JavaVirtualMachines/temurin-17.jdk/Contents/Home/bin/java -Djline.terminal=jline.UnsupportedTerminal -Dsbt.log.noformat=true -Dfile.encoding=UTF-8 -jar /var/folders/yy/bcwm_qss1731gf4gwjymt645vsdlkj/T/metals17601318558202132125/sbt-launch.jar -Dbloop.export-jar-classifiers=sources bloopInstall'
2023.11.16 20:34:07 ERROR [info] [launcher] getting org.scala-sbt sbt 1.9.7  (this may take some time)...
2023.11.16 20:34:07 WARN  no build target for: /Users/64200/Documents/scala-portfolio/hello-world/project/project/metals.sbt
2023.11.16 20:34:07 WARN  no build target for: /Users/64200/Documents/scala-portfolio/hello-world/project/metals.sbt
2023.11.16 20:34:07 INFO  skipping build import with status 'Started'
2023.11.16 20:34:10 INFO  no build target found for /Users/64200/Documents/scala-portfolio/hello-world/project/project/metals.sbt. Using presentation compiler with project's scala-library version: 3.3.1
Nov 16, 2023 8:34:27 PM org.eclipse.lsp4j.jsonrpc.services.GenericEndpoint notify
INFO: Unsupported notification method: $/setTrace
2023.11.16 20:34:42 INFO  [info] welcome to sbt 1.9.7 (Eclipse Adoptium Java 17.0.8.1)
2023.11.16 20:34:42 INFO  [info] loading settings for project hello-world-build-build from metals.sbt ...
2023.11.16 20:34:44 INFO  [info] loading project definition from /Users/64200/Documents/scala-portfolio/hello-world/project/project
2023.11.16 20:34:45 INFO  [info] loading settings for project hello-world-build from metals.sbt ...
2023.11.16 20:34:45 INFO  [info] loading project definition from /Users/64200/Documents/scala-portfolio/hello-world/project
2023.11.16 20:35:08 INFO  [error] Couldn't run bloopGenerate. Cause: Incomplete(node=Some(Task(_)), tpe=Error, msg=None, causes=List(Incomplete(node=Some(Task(_)), tpe=Error, msg=None, causes=List(Incomplete(node=Some(Task(_)), tpe=Error, msg=None, causes=List(Incomplete(node=Some(Task((tags: Map(Tag(update) -> 1, Tag(network) -> 1), taskDefinitionKey: ScopedKey(Scope(Select(ProjectRef(file:/Users/64200/Documents/scala-portfolio/hello-world/project/,hello-world-build)), Zero, Zero, Zero),updateClassifiers)))), tpe=Error, msg=None, causes=List(), directCause=Some(lmcoursier.internal.shaded.coursier.error.FetchError$DownloadingArtifacts: Error fetching artifacts:
2023.11.16 20:35:08 INFO  [error] https://repo1.maven.org/maven2/org/scala-lang/modules/scala-collection-compat_2.12/2.10.0/scala-collection-compat_2.12-2.10.0-sources.jar: download error: Caught java.io.IOException (Resource deadlock avoided) while downloading https://repo1.maven.org/maven2/org/scala-lang/modules/scala-collection-compat_2.12/2.10.0/scala-collection-compat_2.12-2.10.0-sources.jar
2023.11.16 20:35:08 INFO  [error] ))), directCause=None)), directCause=None)), directCause=None)
2023.11.16 20:35:08 INFO  [error] lmcoursier.internal.shaded.coursier.error.FetchError$DownloadingArtifacts: Error fetching artifacts:
2023.11.16 20:35:08 INFO  [error] https://repo1.maven.org/maven2/org/scala-lang/modules/scala-collection-compat_2.12/2.10.0/scala-collection-compat_2.12-2.10.0-sources.jar: download error: Caught java.io.IOException (Resource deadlock avoided) while downloading https://repo1.maven.org/maven2/org/scala-lang/modules/scala-collection-compat_2.12/2.10.0/scala-collection-compat_2.12-2.10.0-sources.jar
2023.11.16 20:35:08 INFO  [error] 
2023.11.16 20:35:08 INFO  [error] 	at lmcoursier.internal.shaded.coursier.Artifacts$.$anonfun$fetchArtifacts$9(Artifacts.scala:365)
2023.11.16 20:35:08 INFO  [error] 	at lmcoursier.internal.shaded.coursier.util.Task$.$anonfun$flatMap$extension$1(Task.scala:14)
2023.11.16 20:35:08 INFO  [error] 	at lmcoursier.internal.shaded.coursier.util.Task$.$anonfun$flatMap$extension$1$adapted(Task.scala:14)
2023.11.16 20:35:08 INFO  [error] 	at lmcoursier.internal.shaded.coursier.util.Task$.wrap(Task.scala:82)
2023.11.16 20:35:08 INFO  [error] 	at lmcoursier.internal.shaded.coursier.util.Task$.$anonfun$flatMap$2(Task.scala:14)
2023.11.16 20:35:08 INFO  [error] 	at scala.concurrent.Future.$anonfun$flatMap$1(Future.scala:307)
2023.11.16 20:35:08 INFO  [error] 	at scala.concurrent.impl.Promise.$anonfun$transformWith$1(Promise.scala:41)
2023.11.16 20:35:08 INFO  [error] 	at scala.concurrent.impl.CallbackRunnable.run(Promise.scala:64)
2023.11.16 20:35:08 INFO  [error] 	at java.base/java.util.concurrent.ThreadPoolExecutor.runWorker(ThreadPoolExecutor.java:1136)
2023.11.16 20:35:08 INFO  [error] 	at java.base/java.util.concurrent.ThreadPoolExecutor$Worker.run(ThreadPoolExecutor.java:635)
2023.11.16 20:35:08 INFO  [error] 	at java.base/java.lang.Thread.run(Thread.java:833)
2023.11.16 20:35:08 INFO  [error] Caused by: lmcoursier.internal.shaded.coursier.cache.ArtifactError$DownloadError: download error: Caught java.io.IOException (Resource deadlock avoided) while downloading https://repo1.maven.org/maven2/org/scala-lang/modules/scala-collection-compat_2.12/2.10.0/scala-collection-compat_2.12-2.10.0-sources.jar
2023.11.16 20:35:08 INFO  [error] 	at lmcoursier.internal.shaded.coursier.cache.internal.Downloader$.helper$2(Downloader.scala:793)
2023.11.16 20:35:08 INFO  [error] 	at lmcoursier.internal.shaded.coursier.cache.internal.Downloader$.coursier$cache$internal$Downloader$$downloading(Downloader.scala:806)
2023.11.16 20:35:08 INFO  [error] 	at lmcoursier.internal.shaded.coursier.cache.internal.Downloader$Blocking$.remote(Downloader.scala:415)
2023.11.16 20:35:08 INFO  [error] 	at lmcoursier.internal.shaded.coursier.cache.internal.Downloader.$anonfun$remote$6(Downloader.scala:533)
2023.11.16 20:35:08 INFO  [error] 	at scala.concurrent.Future$.$anonfun$apply$1(Future.scala:659)
2023.11.16 20:35:08 INFO  [error] 	at scala.util.Success.$anonfun$map$1(Try.scala:255)
2023.11.16 20:35:08 INFO  [error] 	at scala.util.Success.map(Try.scala:213)
2023.11.16 20:35:08 INFO  [error] 	at scala.concurrent.Future.$anonfun$map$1(Future.scala:292)
2023.11.16 20:35:08 INFO  [error] 	at scala.concurrent.impl.Promise.liftedTree1$1(Promise.scala:33)
2023.11.16 20:35:08 INFO  [error] 	at scala.concurrent.impl.Promise.$anonfun$transform$1(Promise.scala:33)
2023.11.16 20:35:08 INFO  [error] 	at scala.concurrent.impl.CallbackRunnable.run(Promise.scala:64)
2023.11.16 20:35:08 INFO  [error] 	at java.base/java.util.concurrent.ThreadPoolExecutor.runWorker(ThreadPoolExecutor.java:1136)
2023.11.16 20:35:08 INFO  [error] 	at java.base/java.util.concurrent.ThreadPoolExecutor$Worker.run(ThreadPoolExecutor.java:635)
2023.11.16 20:35:08 INFO  [error] 	at java.base/java.lang.Thread.run(Thread.java:833)
2023.11.16 20:35:08 INFO  [error] Caused by: java.io.IOException: Resource deadlock avoided
2023.11.16 20:35:08 INFO  [error] 	at java.base/sun.nio.ch.FileDispatcherImpl.lock0(Native Method)
2023.11.16 20:35:08 INFO  [error] 	at java.base/sun.nio.ch.FileDispatcherImpl.lock(FileDispatcherImpl.java:96)
2023.11.16 20:35:08 INFO  [error] 	at java.base/sun.nio.ch.FileChannelImpl.lock(FileChannelImpl.java:1286)
2023.11.16 20:35:08 INFO  [error] 	at java.base/java.nio.channels.FileChannel.lock(FileChannel.java:1089)
2023.11.16 20:35:08 INFO  [error] 	at lmcoursier.internal.shaded.coursier.paths.CachePath.withStructureLock(CachePath.java:152)
2023.11.16 20:35:08 INFO  [error] 	at lmcoursier.internal.shaded.coursier.cache.CacheLocks$.withStructureLock(CacheLocks.scala:20)
2023.11.16 20:35:08 INFO  [error] 	at lmcoursier.internal.shaded.coursier.cache.internal.Downloader$Blocking$.doDownload(Downloader.scala:262)
2023.11.16 20:35:08 INFO  [error] 	at lmcoursier.internal.shaded.coursier.cache.internal.Downloader$Blocking$.$anonfun$remote$2(Downloader.scala:410)
2023.11.16 20:35:08 INFO  [error] 	at lmcoursier.internal.shaded.coursier.cache.CacheLocks$.loop$1(CacheLocks.scala:73)
2023.11.16 20:35:08 INFO  [error] 	at lmcoursier.internal.shaded.coursier.cache.CacheLocks$.withLockOr(CacheLocks.scala:93)
2023.11.16 20:35:08 INFO  [error] 	at lmcoursier.internal.shaded.coursier.cache.internal.Downloader$Blocking$.$anonfun$remote$1(Downloader.scala:413)
2023.11.16 20:35:08 INFO  [error] 	at lmcoursier.internal.shaded.coursier.cache.internal.Downloader$.$anonfun$downloading$1(Downloader.scala:764)
2023.11.16 20:35:08 INFO  [error] 	at lmcoursier.internal.shaded.coursier.cache.CacheLocks$.withUrlLock(CacheLocks.scala:112)
2023.11.16 20:35:08 INFO  [error] 	at lmcoursier.internal.shaded.coursier.cache.internal.Downloader$.helper$2(Downloader.scala:764)
2023.11.16 20:35:08 INFO  [error] 	at lmcoursier.internal.shaded.coursier.cache.internal.Downloader$.coursier$cache$internal$Downloader$$downloading(Downloader.scala:806)
2023.11.16 20:35:08 INFO  [error] 	at lmcoursier.internal.shaded.coursier.cache.internal.Downloader$Blocking$.remote(Downloader.scala:415)
2023.11.16 20:35:08 INFO  [error] 	at lmcoursier.internal.shaded.coursier.cache.internal.Downloader.$anonfun$remote$6(Downloader.scala:533)
2023.11.16 20:35:08 INFO  [error] 	at scala.concurrent.Future$.$anonfun$apply$1(Future.scala:659)
2023.11.16 20:35:08 INFO  [error] 	at scala.util.Success.$anonfun$map$1(Try.scala:255)
2023.11.16 20:35:08 INFO  [error] 	at scala.util.Success.map(Try.scala:213)
2023.11.16 20:35:08 INFO  [error] 	at scala.concurrent.Future.$anonfun$map$1(Future.scala:292)
2023.11.16 20:35:08 INFO  [error] 	at scala.concurrent.impl.Promise.liftedTree1$1(Promise.scala:33)
2023.11.16 20:35:08 INFO  [error] 	at scala.concurrent.impl.Promise.$anonfun$transform$1(Promise.scala:33)
2023.11.16 20:35:08 INFO  [error] 	at scala.concurrent.impl.CallbackRunnable.run(Promise.scala:64)
2023.11.16 20:35:08 INFO  [error] 	at java.base/java.util.concurrent.ThreadPoolExecutor.runWorker(ThreadPoolExecutor.java:1136)
2023.11.16 20:35:08 INFO  [error] 	at java.base/java.util.concurrent.ThreadPoolExecutor$Worker.run(ThreadPoolExecutor.java:635)
2023.11.16 20:35:08 INFO  [error] 	at java.base/java.lang.Thread.run(Thread.java:833)
2023.11.16 20:35:08 INFO  [error] (updateClassifiers) lmcoursier.internal.shaded.coursier.error.FetchError$DownloadingArtifacts: Error fetching artifacts:
2023.11.16 20:35:08 INFO  [error] https://repo1.maven.org/maven2/org/scala-lang/modules/scala-collection-compat_2.12/2.10.0/scala-collection-compat_2.12-2.10.0-sources.jar: download error: Caught java.io.IOException (Resource deadlock avoided) while downloading https://repo1.maven.org/maven2/org/scala-lang/modules/scala-collection-compat_2.12/2.10.0/scala-collection-compat_2.12-2.10.0-sources.jar
2023.11.16 20:35:08 INFO  [error] Total time: 22 s, completed Nov 16, 2023, 8:35:08 PM
2023.11.16 20:35:08 INFO  [warn] Project loading failed: (r)etry, (q)uit, (l)ast, or (i)gnore? (default: r)
2023.11.16 20:35:09 INFO  [info] loading settings for project hello-world from build.sbt ...
2023.11.16 20:35:09 INFO  [info] set current project to hello-world (in build file:/Users/64200/Documents/scala-portfolio/hello-world/)
2023.11.16 20:38:04 INFO  [success] Generated .bloop/hello-world.json
2023.11.16 20:38:04 INFO  [success] Generated .bloop/hello-world-test.json
2023.11.16 20:38:04 INFO  [success] Total time: 175 s (02:55), completed Nov 16, 2023, 8:38:04 PM
2023.11.16 20:38:04 INFO  time: ran 'sbt bloopInstall' in 3m57s
2023.11.16 20:38:04 INFO  Attempting to connect to the build server...
2023.11.16 20:38:04 INFO  Bloop uses /Library/Java/JavaVirtualMachines/temurin-17.jdk/Contents/Home defined at /Users/64200/.bloop/bloop.json
2023.11.16 20:38:06 INFO  tracing is disabled for protocol BSP, to enable tracing of incoming and outgoing JSON messages create an empty file at /Users/64200/Documents/scala-portfolio/hello-world/.metals/bsp.trace.json or /Users/64200/Library/Caches/org.scalameta.metals/bsp.trace.json
2023.11.16 20:38:26 ERROR Timeout waiting for 'build/initialize' response
2023.11.16 20:38:26 WARN  Retrying connection to the build server Bloop
2023.11.16 20:38:26 INFO  Bloop uses /Library/Java/JavaVirtualMachines/temurin-17.jdk/Contents/Home defined at /Users/64200/.bloop/bloop.json
2023.11.16 20:38:26 INFO  tracing is disabled for protocol BSP, to enable tracing of incoming and outgoing JSON messages create an empty file at /Users/64200/Documents/scala-portfolio/hello-world/.metals/bsp.trace.json or /Users/64200/Library/Caches/org.scalameta.metals/bsp.trace.json
2023.11.16 20:38:26 INFO  Attempting to connect to the build server...
2023.11.16 20:38:26 INFO  Bloop uses /Library/Java/JavaVirtualMachines/temurin-17.jdk/Contents/Home defined at /Users/64200/.bloop/bloop.json
2023.11.16 20:38:26 INFO  tracing is disabled for protocol BSP, to enable tracing of incoming and outgoing JSON messages create an empty file at /Users/64200/Documents/scala-portfolio/hello-world/project/.metals/bsp.trace.json or /Users/64200/Library/Caches/org.scalameta.metals/bsp.trace.json
2023.11.16 20:38:26 INFO  time: Connected to build server in 22s
2023.11.16 20:38:26 INFO  Connected to Build server: Bloop v1.5.11
2023.11.16 20:38:27 ERROR Build server error: Empty build targets. Expected at least one build target identifier.
2023.11.16 20:38:27 INFO  time: Imported build in 0.12s
2023.11.16 20:38:49 INFO  time: indexed workspace in 22s
2023.11.16 20:40:20 INFO  Disconnecting from Bloop session...
2023.11.16 20:40:20 INFO  Shut down connection with build server.
2023.11.16 20:40:20 INFO  Shut down connection with build server.
2023.11.16 20:40:20 INFO  Deleted directories inside .bloop
2023.11.16 20:40:20 INFO  Attempting to connect to the build server...
2023.11.16 20:40:20 INFO  Bloop uses /Library/Java/JavaVirtualMachines/temurin-17.jdk/Contents/Home defined at /Users/64200/.bloop/bloop.json
2023.11.16 20:40:24 INFO  tracing is disabled for protocol BSP, to enable tracing of incoming and outgoing JSON messages create an empty file at /Users/64200/Documents/scala-portfolio/hello-world/.metals/bsp.trace.json or /Users/64200/Library/Caches/org.scalameta.metals/bsp.trace.json
2023.11.16 20:40:24 INFO  Attempting to connect to the build server...
2023.11.16 20:40:24 INFO  Bloop uses /Library/Java/JavaVirtualMachines/temurin-17.jdk/Contents/Home defined at /Users/64200/.bloop/bloop.json
2023.11.16 20:40:24 INFO  tracing is disabled for protocol BSP, to enable tracing of incoming and outgoing JSON messages create an empty file at /Users/64200/Documents/scala-portfolio/hello-world/project/.metals/bsp.trace.json or /Users/64200/Library/Caches/org.scalameta.metals/bsp.trace.json
2023.11.16 20:40:24 INFO  time: Connected to build server in 4.09s
2023.11.16 20:40:24 INFO  Connected to Build server: Bloop v1.5.11
2023.11.16 20:40:25 INFO  time: Imported build in 0.13s
2023.11.16 20:40:28 INFO  time: indexed workspace in 2.89s
2023.11.16 20:40:32 INFO  compiling hello-world (1 scala source)
2023.11.16 20:40:39 INFO  time: compiled hello-world in 6.68s
2023.11.16 20:42:38 WARN  no build target for: /Users/64200/Documents/scala-portfolio/hello-world/project/metals.sbt
2023.11.16 20:43:56 INFO  compiling hello-world (1 scala source)
2023.11.16 20:43:56 INFO  time: compiled hello-world in 0.75s
Nov 16, 2023 8:47:51 PM org.eclipse.lsp4j.jsonrpc.RemoteEndpoint handleCancellation
WARNING: Unmatched cancel notification for request id 57
2023.11.16 20:48:50 INFO  time: code lens generation in 1.28s
2023.11.16 20:49:43 INFO  running '/Library/Java/JavaVirtualMachines/temurin-17.jdk/Contents/Home/bin/java -Djline.terminal=jline.UnsupportedTerminal -Dsbt.log.noformat=true -Dfile.encoding=UTF-8 -jar /var/folders/yy/bcwm_qss1731gf4gwjymt645vsdlkj/T/metals7274158181622286506/sbt-launch.jar -Dbloop.export-jar-classifiers=sources bloopInstall'
2023.11.16 20:49:45 INFO  [info] welcome to sbt 1.9.7 (Eclipse Adoptium Java 17.0.8.1)
2023.11.16 20:49:45 INFO  [info] loading settings for project hello-world-build-build from metals.sbt ...
2023.11.16 20:49:45 INFO  [info] loading project definition from /Users/64200/Documents/scala-portfolio/hello-world/project/project
2023.11.16 20:49:46 INFO  [info] loading settings for project hello-world-build from metals.sbt ...
2023.11.16 20:49:46 INFO  [info] loading project definition from /Users/64200/Documents/scala-portfolio/hello-world/project
2023.11.16 20:49:49 INFO  [success] Generated .bloop/hello-world-build.json
2023.11.16 20:49:49 INFO  [success] Total time: 2 s, completed Nov 16, 2023, 8:49:49 PM
2023.11.16 20:49:50 INFO  [info] loading settings for project hello-world from build.sbt ...
2023.11.16 20:49:50 INFO  [info] set current project to Portfolio-Optimization (in build file:/Users/64200/Documents/scala-portfolio/hello-world/)
2023.11.16 20:49:50 INFO  [success] Generated .bloop/hello-world.json
2023.11.16 20:49:50 INFO  [success] Generated .bloop/hello-world-test.json
2023.11.16 20:49:50 INFO  [success] Total time: 1 s, completed Nov 16, 2023, 8:49:51 PM
2023.11.16 20:49:51 INFO  time: ran 'sbt bloopInstall' in 7.53s
2023.11.16 20:49:51 INFO  Disconnecting from Bloop session...
2023.11.16 20:49:51 INFO  Shut down connection with build server.
2023.11.16 20:49:51 INFO  Shut down connection with build server.
2023.11.16 20:49:51 INFO  Attempting to connect to the build server...
2023.11.16 20:49:51 INFO  Bloop uses /Library/Java/JavaVirtualMachines/temurin-17.jdk/Contents/Home defined at /Users/64200/.bloop/bloop.json
2023.11.16 20:49:51 INFO  tracing is disabled for protocol BSP, to enable tracing of incoming and outgoing JSON messages create an empty file at /Users/64200/Documents/scala-portfolio/hello-world/.metals/bsp.trace.json or /Users/64200/Library/Caches/org.scalameta.metals/bsp.trace.json
2023.11.16 20:49:51 INFO  Attempting to connect to the build server...
2023.11.16 20:49:51 INFO  Bloop uses /Library/Java/JavaVirtualMachines/temurin-17.jdk/Contents/Home defined at /Users/64200/.bloop/bloop.json
2023.11.16 20:49:51 INFO  tracing is disabled for protocol BSP, to enable tracing of incoming and outgoing JSON messages create an empty file at /Users/64200/Documents/scala-portfolio/hello-world/project/.metals/bsp.trace.json or /Users/64200/Library/Caches/org.scalameta.metals/bsp.trace.json
2023.11.16 20:49:51 INFO  time: Connected to build server in 0.12s
2023.11.16 20:49:51 INFO  Connected to Build server: Bloop v1.5.11
2023.11.16 20:49:52 INFO  time: indexed workspace in 1.03s
2023.11.16 20:51:19 INFO  Disconnecting from Bloop session...
2023.11.16 20:51:19 INFO  Shut down connection with build server.
2023.11.16 20:51:19 INFO  Shut down connection with build server.
2023.11.16 20:51:19 INFO  Attempting to connect to the build server...
2023.11.16 20:51:19 INFO  Bloop uses /Library/Java/JavaVirtualMachines/temurin-17.jdk/Contents/Home defined at /Users/64200/.bloop/bloop.json
2023.11.16 20:51:19 INFO  tracing is disabled for protocol BSP, to enable tracing of incoming and outgoing JSON messages create an empty file at /Users/64200/Documents/scala-portfolio/hello-world/.metals/bsp.trace.json or /Users/64200/Library/Caches/org.scalameta.metals/bsp.trace.json
2023.11.16 20:51:19 INFO  time: Connected to build server in 20ms
2023.11.16 20:51:19 INFO  Connected to Build server: Bloop v1.5.11
2023.11.16 20:51:19 ERROR Empty build targets. Expected at least one build target identifier.
2023.11.16 20:51:19 ERROR Empty build targets. Expected at least one build target identifier.
2023.11.16 20:51:19 ERROR Empty build targets. Expected at least one build target identifier.
2023.11.16 20:51:19 ERROR Empty build targets. Expected at least one build target identifier.
2023.11.16 20:51:19 INFO  time: indexed workspace in 0.78s
2023.11.16 20:51:19 WARN  no build target for: /Users/64200/Documents/scala-portfolio/hello-world/build.sbt
2023.11.16 20:51:20 WARN  no build target for: /Users/64200/Documents/scala-portfolio/hello-world/src/main/scala/Main.scala
2023.11.16 20:51:19 WARN  no build target for: /private/var/folders/yy/bcwm_qss1731gf4gwjymt645vsdlkj/T/metals7090611565193327330Main-1820756607368434237.scala
2023.11.16 20:51:20 WARN  no build target for: /Users/64200/Documents/scala-portfolio/hello-world/.metals/.tmp/Main-1820756607368434237.scala
2023.11.16 20:51:24 INFO  Disconnecting from Bloop session...
2023.11.16 20:51:24 INFO  Shut down connection with build server.
2023.11.16 20:51:24 INFO  Attempting to connect to the build server...
2023.11.16 20:51:24 INFO  Bloop uses /Library/Java/JavaVirtualMachines/temurin-17.jdk/Contents/Home defined at /Users/64200/.bloop/bloop.json
2023.11.16 20:51:25 INFO  Attempting to connect to the build server...
2023.11.16 20:51:25 INFO  Bloop uses /Library/Java/JavaVirtualMachines/temurin-17.jdk/Contents/Home defined at /Users/64200/.bloop/bloop.json
2023.11.16 20:51:25 INFO  Attempting to connect to the build server...
2023.11.16 20:51:25 INFO  Bloop uses /Library/Java/JavaVirtualMachines/temurin-17.jdk/Contents/Home defined at /Users/64200/.bloop/bloop.json
2023.11.16 20:51:25 INFO  Attempting to connect to the build server...
2023.11.16 20:51:25 INFO  Bloop uses /Library/Java/JavaVirtualMachines/temurin-17.jdk/Contents/Home defined at /Users/64200/.bloop/bloop.json
2023.11.16 20:51:28 INFO  tracing is disabled for protocol BSP, to enable tracing of incoming and outgoing JSON messages create an empty file at /Users/64200/Documents/scala-portfolio/hello-world/.metals/bsp.trace.json or /Users/64200/Library/Caches/org.scalameta.metals/bsp.trace.json
2023.11.16 20:51:28 INFO  tracing is disabled for protocol BSP, to enable tracing of incoming and outgoing JSON messages create an empty file at /Users/64200/Documents/scala-portfolio/hello-world/.metals/bsp.trace.json or /Users/64200/Library/Caches/org.scalameta.metals/bsp.trace.json
2023.11.16 20:51:28 INFO  tracing is disabled for protocol BSP, to enable tracing of incoming and outgoing JSON messages create an empty file at /Users/64200/Documents/scala-portfolio/hello-world/.metals/bsp.trace.json or /Users/64200/Library/Caches/org.scalameta.metals/bsp.trace.json
2023.11.16 20:51:28 INFO  tracing is disabled for protocol BSP, to enable tracing of incoming and outgoing JSON messages create an empty file at /Users/64200/Documents/scala-portfolio/hello-world/.metals/bsp.trace.json or /Users/64200/Library/Caches/org.scalameta.metals/bsp.trace.json
2023.11.16 20:51:28 INFO  time: Connected to build server in 2.51s
2023.11.16 20:51:28 INFO  time: Connected to build server in 2.33s
2023.11.16 20:51:28 INFO  Connected to Build server: Bloop v1.5.11
2023.11.16 20:51:28 INFO  Connected to Build server: Bloop v1.5.11
2023.11.16 20:51:28 INFO  time: Connected to build server in 2.17s
2023.11.16 20:51:28 INFO  time: Connected to build server in 3.66s
2023.11.16 20:51:28 INFO  Connected to Build server: Bloop v1.5.11
2023.11.16 20:51:28 INFO  Connected to Build server: Bloop v1.5.11
2023.11.16 20:51:28 ERROR Empty build targets. Expected at least one build target identifier.
2023.11.16 20:51:28 ERROR Empty build targets. Expected at least one build target identifier.
2023.11.16 20:51:28 ERROR Empty build targets. Expected at least one build target identifier.
2023.11.16 20:51:28 ERROR Empty build targets. Expected at least one build target identifier.
2023.11.16 20:51:28 ERROR Empty build targets. Expected at least one build target identifier.
2023.11.16 20:51:28 ERROR Empty build targets. Expected at least one build target identifier.
2023.11.16 20:51:28 ERROR Empty build targets. Expected at least one build target identifier.
2023.11.16 20:51:28 ERROR Empty build targets. Expected at least one build target identifier.
2023.11.16 20:51:28 ERROR Empty build targets. Expected at least one build target identifier.
2023.11.16 20:51:28 ERROR Empty build targets. Expected at least one build target identifier.
2023.11.16 20:51:28 ERROR Empty build targets. Expected at least one build target identifier.
2023.11.16 20:51:28 ERROR Empty build targets. Expected at least one build target identifier.
2023.11.16 20:51:28 ERROR Empty build targets. Expected at least one build target identifier.
2023.11.16 20:51:28 ERROR Empty build targets. Expected at least one build target identifier.
2023.11.16 20:51:28 ERROR Empty build targets. Expected at least one build target identifier.
2023.11.16 20:51:28 ERROR Empty build targets. Expected at least one build target identifier.
2023.11.16 20:51:30 INFO  time: indexed workspace in 1.73s
2023.11.16 20:51:30 WARN  no build target for: /Users/64200/Documents/scala-portfolio/hello-world/build.sbt
2023.11.16 20:51:30 WARN  no build target for: /Users/64200/Documents/scala-portfolio/hello-world/src/main/scala/Main.scala
2023.11.16 20:51:30 INFO  time: indexed workspace in 1.74s
2023.11.16 20:51:30 WARN  no build target for: /Users/64200/Documents/scala-portfolio/hello-world/build.sbt
2023.11.16 20:51:30 WARN  no build target for: /Users/64200/Documents/scala-portfolio/hello-world/src/main/scala/Main.scala
2023.11.16 20:51:30 WARN  no build target for: /private/var/folders/yy/bcwm_qss1731gf4gwjymt645vsdlkj/T/metals3459361874245861329Main3731932025593941647.scala
2023.11.16 20:51:30 WARN  no build target for: /private/var/folders/yy/bcwm_qss1731gf4gwjymt645vsdlkj/T/metals3459361874245861329Main3731932025593941647.scala
2023.11.16 20:51:30 WARN  no build target for: /private/var/folders/yy/bcwm_qss1731gf4gwjymt645vsdlkj/T/metals3459361874245861329Main3731932025593941647.scala
2023.11.16 20:51:30 WARN  no build target for: /Users/64200/Documents/scala-portfolio/hello-world/.metals/.tmp/Main3731932025593941647.scala
2023.11.16 20:51:30 WARN  no build target for: /Users/64200/Documents/scala-portfolio/hello-world/.metals/.tmp/Main3731932025593941647.scala
2023.11.16 20:51:30 WARN  no build target for: /private/var/folders/yy/bcwm_qss1731gf4gwjymt645vsdlkj/T/metals3459361874245861329Main3731932025593941647.scala
2023.11.16 20:51:30 WARN  no build target for: /Users/64200/Documents/scala-portfolio/hello-world/.metals/.tmp/Main3731932025593941647.scala
2023.11.16 20:51:30 WARN  no build target for: /Users/64200/Documents/scala-portfolio/hello-world/.metals/.tmp/Main3731932025593941647.scala
2023.11.16 20:51:30 WARN  no build target for: /private/var/folders/yy/bcwm_qss1731gf4gwjymt645vsdlkj/T/metals7053057559390558161Main-2595339803002081662.scala
2023.11.16 20:51:30 WARN  no build target for: /private/var/folders/yy/bcwm_qss1731gf4gwjymt645vsdlkj/T/metals7053057559390558161Main-2595339803002081662.scala
2023.11.16 20:51:30 WARN  no build target for: /private/var/folders/yy/bcwm_qss1731gf4gwjymt645vsdlkj/T/metals7053057559390558161Main-2595339803002081662.scala
2023.11.16 20:51:30 WARN  no build target for: /private/var/folders/yy/bcwm_qss1731gf4gwjymt645vsdlkj/T/metals7053057559390558161Main-2595339803002081662.scala
2023.11.16 20:51:30 ERROR /private/var/folders/yy/bcwm_qss1731gf4gwjymt645vsdlkj/T/metals7053057559390558161Main-2595339803002081662.scala
java.nio.file.NoSuchFileException: /private/var/folders/yy/bcwm_qss1731gf4gwjymt645vsdlkj/T/metals7053057559390558161Main-2595339803002081662.scala
	at sun.nio.fs.UnixException.translateToIOException(UnixException.java:92)
	at sun.nio.fs.UnixException.rethrowAsIOException(UnixException.java:106)
	at sun.nio.fs.UnixException.rethrowAsIOException(UnixException.java:111)
	at sun.nio.fs.UnixFileSystemProvider.newByteChannel(UnixFileSystemProvider.java:218)
	at java.nio.file.Files.newByteChannel(Files.java:380)
	at java.nio.file.Files.newByteChannel(Files.java:432)
	at java.nio.file.Files.readAllBytes(Files.java:3288)
	at scala.meta.internal.io.PlatformFileIO$.slurp(PlatformFileIO.scala:45)
	at scala.meta.internal.io.FileIO$.slurp(FileIO.scala:24)
	at scala.meta.internal.mtags.ScalametaCommonEnrichments$XtensionAbsolutePath.toInput(ScalametaCommonEnrichments.scala:383)
	at scala.meta.internal.metals.Indexer.indexSourceFile(Indexer.scala:540)
	at scala.meta.internal.metals.Indexer.$anonfun$reindexWorkspaceSources$3(Indexer.scala:615)
	at scala.meta.internal.metals.Indexer.$anonfun$reindexWorkspaceSources$3$adapted(Indexer.scala:612)
	at scala.collection.IterableOnceOps.foreach(IterableOnce.scala:576)
	at scala.collection.IterableOnceOps.foreach$(IterableOnce.scala:574)
	at scala.collection.AbstractIterator.foreach(Iterator.scala:1300)
	at scala.meta.internal.metals.Indexer.reindexWorkspaceSources(Indexer.scala:612)
	at scala.meta.internal.metals.MetalsLspService.$anonfun$onChange$2(MetalsLspService.scala:1336)
	at scala.runtime.java8.JFunction0$mcV$sp.apply(JFunction0$mcV$sp.scala:18)
	at scala.concurrent.Future$.$anonfun$apply$1(Future.scala:687)
	at scala.concurrent.impl.Promise$Transformation.run(Promise.scala:467)
	at java.util.concurrent.ThreadPoolExecutor.runWorker(ThreadPoolExecutor.java:1136)
	at java.util.concurrent.ThreadPoolExecutor$Worker.run(ThreadPoolExecutor.java:635)
	at java.lang.Thread.run(Thread.java:833)

2023.11.16 20:51:30 INFO  time: indexed workspace in 1.76s
2023.11.16 20:51:30 WARN  no build target for: /Users/64200/Documents/scala-portfolio/hello-world/build.sbt
2023.11.16 20:51:30 WARN  no build target for: /Users/64200/Documents/scala-portfolio/hello-world/src/main/scala/Main.scala
2023.11.16 20:51:30 INFO  time: indexed workspace in 1.76s
2023.11.16 20:51:30 WARN  no build target for: /Users/64200/Documents/scala-portfolio/hello-world/build.sbt
2023.11.16 20:51:30 WARN  no build target for: /Users/64200/Documents/scala-portfolio/hello-world/src/main/scala/Main.scala
2023.11.16 20:51:30 WARN  no build target for: /private/var/folders/yy/bcwm_qss1731gf4gwjymt645vsdlkj/T/metals7053057559390558161Main-2595339803002081662.scala
2023.11.16 20:51:30 WARN  no build target for: /private/var/folders/yy/bcwm_qss1731gf4gwjymt645vsdlkj/T/metals7053057559390558161Main-2595339803002081662.scala
2023.11.16 20:51:30 WARN  no build target for: /Users/64200/Documents/scala-portfolio/hello-world/.metals/.tmp/Main-2595339803002081662.scala
2023.11.16 20:51:30 WARN  no build target for: /private/var/folders/yy/bcwm_qss1731gf4gwjymt645vsdlkj/T/metals2576133513969600910Main2760425840994830238.scala
2023.11.16 20:51:30 WARN  no build target for: /private/var/folders/yy/bcwm_qss1731gf4gwjymt645vsdlkj/T/metals10121388490794957007Main6300726236275156553.scala
2023.11.16 20:51:30 WARN  no build target for: /Users/64200/Documents/scala-portfolio/hello-world/.metals/.tmp/Main-2595339803002081662.scala
2023.11.16 20:51:30 WARN  no build target for: /Users/64200/Documents/scala-portfolio/hello-world/.metals/.tmp/Main2760425840994830238.scala
2023.11.16 20:51:30 WARN  no build target for: /private/var/folders/yy/bcwm_qss1731gf4gwjymt645vsdlkj/T/metals2576133513969600910Main2760425840994830238.scala
2023.11.16 20:51:30 WARN  no build target for: /private/var/folders/yy/bcwm_qss1731gf4gwjymt645vsdlkj/T/metals7053057559390558161Main-2595339803002081662.scala
2023.11.16 20:51:30 WARN  no build target for: /Users/64200/Documents/scala-portfolio/hello-world/.metals/.tmp/Main-2595339803002081662.scala
2023.11.16 20:51:30 WARN  no build target for: /private/var/folders/yy/bcwm_qss1731gf4gwjymt645vsdlkj/T/metals10121388490794957007Main6300726236275156553.scala
2023.11.16 20:51:30 WARN  no build target for: /Users/64200/Documents/scala-portfolio/hello-world/.metals/.tmp/Main6300726236275156553.scala
2023.11.16 20:51:30 WARN  no build target for: /Users/64200/Documents/scala-portfolio/hello-world/.metals/.tmp/Main2760425840994830238.scala
2023.11.16 20:51:30 WARN  no build target for: /private/var/folders/yy/bcwm_qss1731gf4gwjymt645vsdlkj/T/metals2576133513969600910Main2760425840994830238.scala
2023.11.16 20:51:30 WARN  no build target for: /Users/64200/Documents/scala-portfolio/hello-world/.metals/.tmp/Main6300726236275156553.scala
2023.11.16 20:51:30 WARN  no build target for: /Users/64200/Documents/scala-portfolio/hello-world/.metals/.tmp/Main2760425840994830238.scala
2023.11.16 20:51:30 WARN  no build target for: /Users/64200/Documents/scala-portfolio/hello-world/.metals/.tmp/Main6300726236275156553.scala
2023.11.16 20:51:30 WARN  no build target for: /private/var/folders/yy/bcwm_qss1731gf4gwjymt645vsdlkj/T/metals10121388490794957007Main6300726236275156553.scala
2023.11.16 20:51:30 WARN  no build target for: /private/var/folders/yy/bcwm_qss1731gf4gwjymt645vsdlkj/T/metals7053057559390558161Main-2595339803002081662.scala
2023.11.16 20:51:30 WARN  no build target for: /private/var/folders/yy/bcwm_qss1731gf4gwjymt645vsdlkj/T/metals2576133513969600910Main2760425840994830238.scala
2023.11.16 20:51:30 WARN  no build target for: /Users/64200/Documents/scala-portfolio/hello-world/.metals/.tmp/Main-2595339803002081662.scala
2023.11.16 20:51:30 WARN  no build target for: /private/var/folders/yy/bcwm_qss1731gf4gwjymt645vsdlkj/T/metals10121388490794957007Main6300726236275156553.scala
2023.11.16 20:51:30 WARN  no build target for: /Users/64200/Documents/scala-portfolio/hello-world/.metals/.tmp/Main2760425840994830238.scala
2023.11.16 20:51:30 WARN  no build target for: /Users/64200/Documents/scala-portfolio/hello-world/.metals/.tmp/Main6300726236275156553.scala
2023.11.16 20:51:40 INFO  Disconnecting from Bloop session...
2023.11.16 20:51:40 INFO  Shut down connection with build server.
2023.11.16 20:51:40 INFO  Attempting to connect to the build server...
2023.11.16 20:51:40 INFO  Bloop uses /Library/Java/JavaVirtualMachines/temurin-17.jdk/Contents/Home defined at /Users/64200/.bloop/bloop.json
2023.11.16 20:51:40 INFO  tracing is disabled for protocol BSP, to enable tracing of incoming and outgoing JSON messages create an empty file at /Users/64200/Documents/scala-portfolio/hello-world/.metals/bsp.trace.json or /Users/64200/Library/Caches/org.scalameta.metals/bsp.trace.json
2023.11.16 20:51:40 INFO  time: Connected to build server in 38ms
2023.11.16 20:51:40 INFO  Connected to Build server: Bloop v1.5.11
2023.11.16 20:51:40 ERROR Empty build targets. Expected at least one build target identifier.
2023.11.16 20:51:40 ERROR Empty build targets. Expected at least one build target identifier.
2023.11.16 20:51:40 ERROR Empty build targets. Expected at least one build target identifier.
2023.11.16 20:51:40 ERROR Empty build targets. Expected at least one build target identifier.
2023.11.16 20:51:40 INFO  time: indexed workspace in 0.74s
2023.11.16 20:51:40 WARN  no build target for: /Users/64200/Documents/scala-portfolio/hello-world/build.sbt
2023.11.16 20:51:40 WARN  no build target for: /Users/64200/Documents/scala-portfolio/hello-world/src/main/scala/Main.scala
2023.11.16 20:51:40 WARN  no build target for: /private/var/folders/yy/bcwm_qss1731gf4gwjymt645vsdlkj/T/metals8922251751412180109Main1073633807260881549.scala
2023.11.16 20:51:40 WARN  no build target for: /private/var/folders/yy/bcwm_qss1731gf4gwjymt645vsdlkj/T/metals8922251751412180109Main1073633807260881549.scala
2023.11.16 20:51:40 WARN  no build target for: /Users/64200/Documents/scala-portfolio/hello-world/.metals/.tmp/Main1073633807260881549.scala
2023.11.16 20:51:40 WARN  no build target for: /Users/64200/Documents/scala-portfolio/hello-world/.metals/.tmp/Main1073633807260881549.scala
2023.11.16 20:51:40 WARN  no build target for: /private/var/folders/yy/bcwm_qss1731gf4gwjymt645vsdlkj/T/metals8922251751412180109Main1073633807260881549.scala
2023.11.16 20:51:40 WARN  no build target for: /Users/64200/Documents/scala-portfolio/hello-world/.metals/.tmp/Main1073633807260881549.scala
2023.11.16 20:51:40 WARN  no build target for: /private/var/folders/yy/bcwm_qss1731gf4gwjymt645vsdlkj/T/metals8922251751412180109Main1073633807260881549.scala
2023.11.16 20:51:40 WARN  no build target for: /Users/64200/Documents/scala-portfolio/hello-world/.metals/.tmp/Main1073633807260881549.scala
2023.11.16 20:51:47 INFO  running '/Library/Java/JavaVirtualMachines/temurin-17.jdk/Contents/Home/bin/java -Djline.terminal=jline.UnsupportedTerminal -Dsbt.log.noformat=true -Dfile.encoding=UTF-8 -Dsbt.version=1.9.6 -jar /var/folders/yy/bcwm_qss1731gf4gwjymt645vsdlkj/T/metals14565336146219738094/sbt-launch.jar -Dbloop.export-jar-classifiers=sources bloopInstall'
2023.11.16 20:51:47 WARN  no build target for: /Users/64200/Documents/scala-portfolio/hello-world/project/metals.sbt
2023.11.16 20:51:47 WARN  no build target for: /Users/64200/Documents/scala-portfolio/hello-world/project/metals.sbt
2023.11.16 20:51:47 WARN  no build target for: /Users/64200/Documents/scala-portfolio/hello-world/project/metals.sbt
2023.11.16 20:51:47 WARN  no build target for: /Users/64200/Documents/scala-portfolio/hello-world/project/metals.sbt
2023.11.16 20:51:47 WARN  no build target for: /Users/64200/Documents/scala-portfolio/hello-world/project/project/metals.sbt
2023.11.16 20:51:47 WARN  no build target for: /Users/64200/Documents/scala-portfolio/hello-world/project/project/metals.sbt
2023.11.16 20:51:47 WARN  no build target for: /Users/64200/Documents/scala-portfolio/hello-world/project/project/metals.sbt
2023.11.16 20:51:47 INFO  skipping build import with status 'Started'
2023.11.16 20:51:47 WARN  no build target for: /Users/64200/Documents/scala-portfolio/hello-world/project/project/metals.sbt
2023.11.16 20:51:47 INFO  skipping build import with status 'Started'
2023.11.16 20:51:47 INFO  skipping build import with status 'Started'
2023.11.16 20:51:48 WARN  no build target for: /Users/64200/Documents/scala-portfolio/hello-world/project/metals.sbt
2023.11.16 20:51:48 WARN  no build target for: /Users/64200/Documents/scala-portfolio/hello-world/project/project/metals.sbt
2023.11.16 20:51:48 INFO  skipping build import with status 'Started'
2023.11.16 20:51:48 ERROR [info] [launcher] getting org.scala-sbt sbt 1.9.6  (this may take some time)...
2023.11.16 20:51:48 INFO  no build target found for /Users/64200/Documents/scala-portfolio/hello-world/project/metals.sbt. Using presentation compiler with project's scala-library version: 3.3.1
2023.11.16 20:52:05 INFO  [info] Updated file /Users/64200/Documents/scala-portfolio/hello-world/project/build.properties: set sbt.version to 1.9.6
2023.11.16 20:52:05 INFO  [info] welcome to sbt 1.9.6 (Eclipse Adoptium Java 17.0.8.1)
2023.11.16 20:52:05 INFO  [info] loading settings for project hello-world-build-build from metals.sbt ...
2023.11.16 20:52:06 INFO  [info] loading project definition from /Users/64200/Documents/scala-portfolio/hello-world/project/project
2023.11.16 20:52:08 INFO  [info] loading settings for project hello-world-build from metals.sbt ...
2023.11.16 20:52:08 INFO  [info] loading project definition from /Users/64200/Documents/scala-portfolio/hello-world/project
2023.11.16 20:52:13 INFO  [success] Generated .bloop/hello-world-build.json
2023.11.16 20:52:13 INFO  [success] Total time: 5 s, completed Nov 16, 2023, 8:52:13 PM
2023.11.16 20:52:13 INFO  [info] loading settings for project hello-world from build.sbt ...
2023.11.16 20:52:13 INFO  [info] set current project to Portfolio-Optimization (in build file:/Users/64200/Documents/scala-portfolio/hello-world/)
2023.11.16 20:52:14 INFO  [success] Generated .bloop/hello-world-test.json
2023.11.16 20:52:14 INFO  [success] Generated .bloop/hello-world.json
2023.11.16 20:52:14 INFO  [success] Total time: 0 s, completed Nov 16, 2023, 8:52:14 PM
2023.11.16 20:52:14 INFO  time: ran 'sbt bloopInstall' in 26s
2023.11.16 20:52:14 INFO  Disconnecting from Bloop session...
2023.11.16 20:52:14 INFO  Shut down connection with build server.
2023.11.16 20:52:14 INFO  Attempting to connect to the build server...
2023.11.16 20:52:14 INFO  Bloop uses /Library/Java/JavaVirtualMachines/temurin-17.jdk/Contents/Home defined at /Users/64200/.bloop/bloop.json
2023.11.16 20:52:14 INFO  tracing is disabled for protocol BSP, to enable tracing of incoming and outgoing JSON messages create an empty file at /Users/64200/Documents/scala-portfolio/hello-world/.metals/bsp.trace.json or /Users/64200/Library/Caches/org.scalameta.metals/bsp.trace.json
2023.11.16 20:52:16 INFO  Attempting to connect to the build server...
2023.11.16 20:52:16 INFO  Bloop uses /Library/Java/JavaVirtualMachines/temurin-17.jdk/Contents/Home defined at /Users/64200/.bloop/bloop.json
2023.11.16 20:52:16 INFO  tracing is disabled for protocol BSP, to enable tracing of incoming and outgoing JSON messages create an empty file at /Users/64200/Documents/scala-portfolio/hello-world/project/.metals/bsp.trace.json or /Users/64200/Library/Caches/org.scalameta.metals/bsp.trace.json
2023.11.16 20:52:16 INFO  time: Connected to build server in 1.52s
2023.11.16 20:52:16 INFO  Connected to Build server: Bloop v1.5.11
2023.11.16 20:52:17 INFO  time: indexed workspace in 1.38s
2023.11.16 20:52:17 WARN  no build target for: /private/var/folders/yy/bcwm_qss1731gf4gwjymt645vsdlkj/T/metals16112911789539948940Main7126506993812498385.scala
2023.11.16 20:52:17 WARN  no build target for: /private/var/folders/yy/bcwm_qss1731gf4gwjymt645vsdlkj/T/metals16112911789539948940Main7126506993812498385.scala
2023.11.16 20:52:17 WARN  no build target for: /private/var/folders/yy/bcwm_qss1731gf4gwjymt645vsdlkj/T/metals16112911789539948940Main7126506993812498385.scala
2023.11.16 20:52:17 WARN  no build target for: /Users/64200/Documents/scala-portfolio/hello-world/.metals/.tmp/Main7126506993812498385.scala
2023.11.16 20:52:17 WARN  no build target for: /Users/64200/Documents/scala-portfolio/hello-world/.metals/.tmp/Main7126506993812498385.scala
2023.11.16 20:52:17 WARN  no build target for: /Users/64200/Documents/scala-portfolio/hello-world/.metals/.tmp/Main7126506993812498385.scala
2023.11.16 20:52:18 WARN  no build target for: /private/var/folders/yy/bcwm_qss1731gf4gwjymt645vsdlkj/T/metals5525788594656405524Main7126506993812498385.scala
2023.11.16 20:52:18 WARN  no build target for: /private/var/folders/yy/bcwm_qss1731gf4gwjymt645vsdlkj/T/metals5525788594656405524Main7126506993812498385.scala
2023.11.16 20:52:18 WARN  no build target for: /private/var/folders/yy/bcwm_qss1731gf4gwjymt645vsdlkj/T/metals5525788594656405524Main7126506993812498385.scala
2023.11.16 20:52:18 WARN  no build target for: /Users/64200/Documents/scala-portfolio/hello-world/.metals/.tmp/.metals/.tmp/Main7126506993812498385.scala
2023.11.16 20:52:18 WARN  no build target for: /Users/64200/Documents/scala-portfolio/hello-world/.metals/.tmp/.metals/.tmp/Main7126506993812498385.scala
2023.11.16 20:52:18 WARN  no build target for: /Users/64200/Documents/scala-portfolio/hello-world/.metals/.tmp/.metals/.tmp/Main7126506993812498385.scala
2023.11.16 20:52:17 WARN  no build target for: /Users/64200/Documents/scala-portfolio/hello-world/.metals/.tmp/Main7126506993812498385.scala
2023.11.16 20:52:18 WARN  no build target for: /Users/64200/Documents/scala-portfolio/hello-world/.metals/.tmp/Main7126506993812498385.scala
2023.11.16 20:52:18 WARN  no build target for: /Users/64200/Documents/scala-portfolio/hello-world/.metals/.tmp/.metals/.tmp/Main7126506993812498385.scala
2023.11.16 20:52:18 WARN  no build target for: /Users/64200/Documents/scala-portfolio/hello-world/.metals/.tmp/.metals/.tmp/Main7126506993812498385.scala
2023.11.16 20:52:17 WARN  no build target for: /Users/64200/Documents/scala-portfolio/hello-world/.metals/.tmp/.metals/.tmp/Main7126506993812498385.scala
2023.11.16 20:52:18 WARN  no build target for: /Users/64200/Documents/scala-portfolio/hello-world/.metals/.tmp/Main7126506993812498385.scala
2023.11.16 20:52:18 WARN  no build target for: /private/var/folders/yy/bcwm_qss1731gf4gwjymt645vsdlkj/T/metals15641259727591194446Main7126506993812498385.scala
2023.11.16 20:52:17 WARN  no build target for: /private/var/folders/yy/bcwm_qss1731gf4gwjymt645vsdlkj/T/metals15641259727591194446Main7126506993812498385.scala
2023.11.16 20:52:18 WARN  no build target for: /private/var/folders/yy/bcwm_qss1731gf4gwjymt645vsdlkj/T/metals15641259727591194446Main7126506993812498385.scala
2023.11.16 20:52:18 WARN  no build target for: /private/var/folders/yy/bcwm_qss1731gf4gwjymt645vsdlkj/T/metals15641259727591194446Main7126506993812498385.scala
2023.11.16 20:52:18 WARN  no build target for: /private/var/folders/yy/bcwm_qss1731gf4gwjymt645vsdlkj/T/metals15641259727591194446Main7126506993812498385.scala
2023.11.16 20:52:18 WARN  no build target for: /private/var/folders/yy/bcwm_qss1731gf4gwjymt645vsdlkj/T/metals15641259727591194446Main7126506993812498385.scala
2023.11.16 20:52:18 WARN  no build target for: /Users/64200/Documents/scala-portfolio/hello-world/.metals/.tmp/.metals/.tmp/Main7126506993812498385.scala
2023.11.16 20:52:18 WARN  no build target for: /Users/64200/Documents/scala-portfolio/hello-world/.metals/.tmp/.metals/.tmp/Main7126506993812498385.scala
2023.11.16 20:52:18 WARN  no build target for: /Users/64200/Documents/scala-portfolio/hello-world/.metals/.tmp/.metals/.tmp/Main7126506993812498385.scala
2023.11.16 20:52:23 INFO  compiling hello-world (1 scala source)
2023.11.16 20:52:25 INFO  time: compiled hello-world in 1.71s
2023.11.16 20:52:29 WARN  no build target for: /Users/64200/Library/Application Support/Code/User/History/7be4d60c/G1mr.sbt
2023.11.16 20:52:29 WARN  no build target for: /Users/64200/Library/Application Support/Code/User/History/7be4d60c/G1mr.sbt
2023.11.16 20:52:29 WARN  no build target for: /Users/64200/Library/Application Support/Code/User/History/7be4d60c/G1mr.sbt
2023.11.16 20:52:31 INFO  running '/Library/Java/JavaVirtualMachines/temurin-17.jdk/Contents/Home/bin/java -Djline.terminal=jline.UnsupportedTerminal -Dsbt.log.noformat=true -Dfile.encoding=UTF-8 -jar /var/folders/yy/bcwm_qss1731gf4gwjymt645vsdlkj/T/metals3087888098843533387/sbt-launch.jar -Dbloop.export-jar-classifiers=sources bloopInstall'
2023.11.16 20:52:33 INFO  [info] welcome to sbt 1.9.6 (Eclipse Adoptium Java 17.0.8.1)
2023.11.16 20:52:33 INFO  [info] loading settings for project hello-world-build-build from metals.sbt ...
2023.11.16 20:52:34 INFO  [info] loading project definition from /Users/64200/Documents/scala-portfolio/hello-world/project/project
2023.11.16 20:52:34 INFO  [info] loading settings for project hello-world-build from metals.sbt ...
2023.11.16 20:52:34 INFO  [info] loading project definition from /Users/64200/Documents/scala-portfolio/hello-world/project
2023.11.16 20:52:36 INFO  [success] Generated .bloop/hello-world-build.json
2023.11.16 20:52:36 INFO  [success] Total time: 2 s, completed Nov 16, 2023, 8:52:36 PM
2023.11.16 20:52:36 INFO  [info] loading settings for project hello-world from build.sbt ...
2023.11.16 20:52:37 INFO  [info] set current project to Portfolio-Optimization (in build file:/Users/64200/Documents/scala-portfolio/hello-world/)
2023.11.16 20:52:51 WARN  no build target for: /Users/64200/Documents/scala-portfolio/hello-world/project/metals.sbt
2023.11.16 20:52:51 INFO  [success] Generated .bloop/hello-world-test.json
2023.11.16 20:52:51 INFO  [success] Generated .bloop/hello-world.json
2023.11.16 20:52:51 INFO  [success] Total time: 14 s, completed Nov 16, 2023, 8:52:51 PM
2023.11.16 20:52:51 INFO  time: ran 'sbt bloopInstall' in 20s
2023.11.16 20:52:51 INFO  Disconnecting from Bloop session...
2023.11.16 20:52:51 INFO  Shut down connection with build server.
2023.11.16 20:52:51 INFO  Shut down connection with build server.
2023.11.16 20:52:51 INFO  Attempting to connect to the build server...
2023.11.16 20:52:51 INFO  Bloop uses /Library/Java/JavaVirtualMachines/temurin-17.jdk/Contents/Home defined at /Users/64200/.bloop/bloop.json
2023.11.16 20:54:07 ERROR Starting the bsp launcher for bloop...
2023.11.16 20:54:07 ERROR Opening a bsp server connection with 'bsp --protocol local --socket /var/folders/yy/bcwm_qss1731gf4gwjymt645vsdlkj/T/bsp-launcher5255257498201438103/bsp.socket'...
2023.11.16 20:54:07 ERROR Waiting for the bsp connection to come up...
2023.11.16 20:54:07 ERROR Waiting for the bsp connection to come up...
2023.11.16 20:54:07 ERROR Waiting for the bsp connection to come up...
2023.11.16 20:54:07 ERROR Waiting for the bsp connection to come up...
2023.11.16 20:54:07 ERROR Waiting for the bsp connection to come up...
2023.11.16 20:54:07 ERROR Waiting for the bsp connection to come up...
2023.11.16 20:54:07 ERROR Waiting for the bsp connection to come up...
2023.11.16 20:54:07 ERROR Waiting for the bsp connection to come up...
2023.11.16 20:54:07 ERROR Waiting for the bsp connection to come up...
2023.11.16 20:54:07 ERROR Waiting for the bsp connection to come up...
2023.11.16 20:54:07 ERROR Waiting for the bsp connection to come up...
2023.11.16 20:54:07 ERROR Waiting for the bsp connection to come up...
2023.11.16 20:54:07 ERROR Waiting for the bsp connection to come up...
2023.11.16 20:54:07 ERROR Waiting for the bsp connection to come up...
2023.11.16 20:54:07 ERROR Waiting for the bsp connection to come up...
2023.11.16 20:54:07 ERROR Waiting for the bsp connection to come up...
2023.11.16 20:54:07 ERROR Waiting for the bsp connection to come up...
2023.11.16 20:54:07 ERROR Waiting for the bsp connection to come up...
2023.11.16 20:54:07 ERROR Waiting for the bsp connection to come up...
2023.11.16 20:54:07 ERROR Waiting for the bsp connection to come up...
2023.11.16 20:54:07 ERROR Waiting for the bsp connection to come up...
2023.11.16 20:54:07 ERROR Waiting for the bsp connection to come up...
2023.11.16 20:54:07 ERROR Waiting for the bsp connection to come up...
2023.11.16 20:54:07 ERROR Waiting for the bsp connection to come up...
2023.11.16 20:54:07 ERROR Waiting for the bsp connection to come up...
2023.11.16 20:54:07 ERROR Waiting for the bsp connection to come up...
2023.11.16 20:54:07 ERROR Waiting for the bsp connection to come up...
2023.11.16 20:54:07 ERROR Waiting for the bsp connection to come up...
2023.11.16 20:54:07 ERROR Waiting for the bsp connection to come up...
2023.11.16 20:54:07 ERROR Waiting for the bsp connection to come up...
2023.11.16 20:54:07 ERROR Waiting for the bsp connection to come up...
2023.11.16 20:54:07 ERROR error: Giving up on waiting for a connection, printing embedded bloop logs:
2023.11.16 20:54:07 ERROR > 
2023.11.16 20:54:07 ERROR error: Trying a tcp-based connection to the server instead...
2023.11.16 20:54:07 ERROR Opening a bsp server connection with 'bsp --protocol tcp --port 20469'...
2023.11.16 20:54:07 ERROR Waiting for the bsp connection to come up...
2023.11.16 20:54:07 ERROR Waiting for the bsp connection to come up...
2023.11.16 20:54:07 ERROR Waiting for the bsp connection to come up...
2023.11.16 20:54:07 ERROR Waiting for the bsp connection to come up...
2023.11.16 20:54:07 ERROR Waiting for the bsp connection to come up...
2023.11.16 20:54:07 ERROR Waiting for the bsp connection to come up...
2023.11.16 20:54:07 ERROR Waiting for the bsp connection to come up...
2023.11.16 20:54:07 ERROR Waiting for the bsp connection to come up...
2023.11.16 20:54:07 ERROR Waiting for the bsp connection to come up...
2023.11.16 20:54:07 ERROR Waiting for the bsp connection to come up...
2023.11.16 20:54:07 ERROR Waiting for the bsp connection to come up...
2023.11.16 20:54:07 ERROR Waiting for the bsp connection to come up...
2023.11.16 20:54:07 ERROR Waiting for the bsp connection to come up...
2023.11.16 20:54:07 ERROR Waiting for the bsp connection to come up...
2023.11.16 20:54:07 ERROR Waiting for the bsp connection to come up...
2023.11.16 20:54:07 ERROR Waiting for the bsp connection to come up...
2023.11.16 20:54:07 ERROR Waiting for the bsp connection to come up...
2023.11.16 20:54:07 ERROR Waiting for the bsp connection to come up...
2023.11.16 20:54:07 ERROR Waiting for the bsp connection to come up...
2023.11.16 20:54:07 ERROR Waiting for the bsp connection to come up...
2023.11.16 20:54:07 ERROR Waiting for the bsp connection to come up...
2023.11.16 20:54:07 ERROR Waiting for the bsp connection to come up...
2023.11.16 20:54:07 ERROR Waiting for the bsp connection to come up...
2023.11.16 20:54:07 ERROR Waiting for the bsp connection to come up...
2023.11.16 20:54:07 ERROR Waiting for the bsp connection to come up...
2023.11.16 20:54:07 ERROR Waiting for the bsp connection to come up...
2023.11.16 20:54:07 ERROR Waiting for the bsp connection to come up...
2023.11.16 20:54:07 ERROR Waiting for the bsp connection to come up...
2023.11.16 20:54:07 ERROR Waiting for the bsp connection to come up...
2023.11.16 20:54:07 ERROR Waiting for the bsp connection to come up...
2023.11.16 20:54:07 ERROR Waiting for the bsp connection to come up...
2023.11.16 20:54:07 ERROR error: Giving up on waiting for a connection, printing embedded bloop logs:
2023.11.16 20:54:07 ERROR > 
2023.11.16 20:54:07 ERROR error: The launcher failed to establish a bsp connection, aborting...
2023.11.16 20:54:07 ERROR Failed to connect with build server, no functionality will work.
java.lang.RuntimeException: The server did not start, got FailedToOpenBspConnection
	at bloop.launcher.LauncherMain.failPromise$1(Launcher.scala:92)
	at bloop.launcher.LauncherMain.runLauncher(Launcher.scala:119)
	at scala.meta.internal.metals.BloopServers$$anon$2.run(BloopServers.scala:500)
	at java.util.concurrent.Executors$RunnableAdapter.call(Executors.java:539)
	at java.util.concurrent.FutureTask.run(FutureTask.java:264)
	at java.util.concurrent.ThreadPoolExecutor.runWorker(ThreadPoolExecutor.java:1136)
	at java.util.concurrent.ThreadPoolExecutor$Worker.run(ThreadPoolExecutor.java:635)
	at java.lang.Thread.run(Thread.java:833)

2023.11.16 21:00:47 INFO  Shutting down server
2023.11.16 21:00:47 INFO  shutting down Metals
2023.11.16 21:00:47 INFO  Exiting server
