2023.11.22 19:02:09 INFO  Started: Metals version 1.1.0 in folders 'C:\Users\yurig\Documents\projetos\scala-portfolio' for client Visual Studio Code 1.84.2.
2023.11.22 19:02:13 INFO  Attempting to connect to the build server...
2023.11.22 19:02:13 INFO  skipping build import with status 'Installed'
2023.11.22 19:02:13 INFO  Bloop uses C:\Users\yurig\.jabba\jdk\openjdk@1.17.0 defined at C:\Users\yurig\.bloop\bloop.json
2023.11.22 19:02:15 INFO  tracing is disabled for protocol BSP, to enable tracing of incoming and outgoing JSON messages create an empty file at C:\Users\yurig\Documents\projetos\scala-portfolio\.metals\bsp.trace.json or C:\Users\yurig\AppData\Local\scalameta\metals\cache\bsp.trace.json
2023.11.22 19:02:15 INFO  time: Connected to build server in 2.82s
2023.11.22 19:02:15 INFO  Connected to Build server: Bloop v1.5.11
2023.11.22 19:02:16 INFO  no build target found for C:\Users\yurig\Documents\projetos\scala-portfolio\backend\src\main\scala\PortfolioReturns.scala. Using presentation compiler with project's scala-library version: 3.3.1
nov. 22, 2023 7:02:16 PM org.eclipse.lsp4j.jsonrpc.RemoteEndpoint handleCancellation
WARNING: Unmatched cancel notification for request id 8
2023.11.22 19:02:16 INFO  time: Imported build in 0.29s
2023.11.22 19:02:17 INFO  no build target found for C:\Users\yurig\Documents\projetos\scala-portfolio\backend\src\main\scala\PortfolioReturns.scala. Using presentation compiler with project's scala-library version: 3.3.1
2023.11.22 19:02:18 INFO  no build target found for C:\Users\yurig\Documents\projetos\scala-portfolio\backend\src\test\scala\PortfolioReturnsTest.scala. Using presentation compiler with project's scala-library version: 2.13.10
2023.11.22 19:02:20 INFO  time: indexed workspace in 3.7s
2023.11.22 20:22:42 INFO  time: code lens generation in 2.27s
nov. 22, 2023 8:28:07 PM org.eclipse.lsp4j.jsonrpc.RemoteEndpoint handleCancellation
WARNING: Unmatched cancel notification for request id 82
nov. 22, 2023 10:20:12 PM org.eclipse.lsp4j.jsonrpc.RemoteEndpoint handleCancellation
WARNING: Unmatched cancel notification for request id 89
2023.11.22 22:20:15 INFO  time: code lens generation in 1.97s
nov. 22, 2023 10:20:16 PM scala.meta.internal.pc.CompilerAccess retryWithCleanCompiler
INFO: compiler crashed due to an error in the Scala compiler, retrying with new compiler instance.
2023.11.22 22:20:17 WARN  no build target for: C:\Users\yurig\Documents\projetos\scala-portfolio\backend\build.sbt
nov. 22, 2023 11:34:43 PM org.eclipse.lsp4j.jsonrpc.RemoteEndpoint handleCancellation
WARNING: Unmatched cancel notification for request id 180
nov. 22, 2023 11:35:10 PM org.eclipse.lsp4j.jsonrpc.RemoteEndpoint handleCancellation
WARNING: Unmatched cancel notification for request id 208
nov. 22, 2023 11:35:10 PM org.eclipse.lsp4j.jsonrpc.RemoteEndpoint handleCancellation
WARNING: Unmatched cancel notification for request id 211
nov. 22, 2023 11:35:10 PM org.eclipse.lsp4j.jsonrpc.RemoteEndpoint handleCancellation
WARNING: Unmatched cancel notification for request id 212
nov. 22, 2023 11:35:10 PM org.eclipse.lsp4j.jsonrpc.RemoteEndpoint handleCancellation
WARNING: Unmatched cancel notification for request id 215
nov. 22, 2023 11:35:10 PM org.eclipse.lsp4j.jsonrpc.RemoteEndpoint handleCancellation
WARNING: Unmatched cancel notification for request id 216
nov. 22, 2023 11:35:10 PM org.eclipse.lsp4j.jsonrpc.RemoteEndpoint handleCancellation
WARNING: Unmatched cancel notification for request id 214
nov. 22, 2023 11:35:10 PM org.eclipse.lsp4j.jsonrpc.RemoteEndpoint handleCancellation
WARNING: Unmatched cancel notification for request id 218
nov. 22, 2023 11:35:10 PM org.eclipse.lsp4j.jsonrpc.RemoteEndpoint handleCancellation
WARNING: Unmatched cancel notification for request id 219
nov. 22, 2023 11:35:10 PM org.eclipse.lsp4j.jsonrpc.RemoteEndpoint handleCancellation
WARNING: Unmatched cancel notification for request id 221
nov. 22, 2023 11:35:18 PM org.eclipse.lsp4j.jsonrpc.RemoteEndpoint handleCancellation
WARNING: Unmatched cancel notification for request id 260
nov. 22, 2023 11:35:19 PM org.eclipse.lsp4j.jsonrpc.RemoteEndpoint handleCancellation
WARNING: Unmatched cancel notification for request id 268
nov. 22, 2023 11:35:19 PM org.eclipse.lsp4j.jsonrpc.RemoteEndpoint handleCancellation
WARNING: Unmatched cancel notification for request id 271
2023.11.22 23:36:10 WARN  no build target for: C:\Users\yurig\Documents\projetos\scala-portfolio\backend\build.sbt
2023.11.22 23:36:14 WARN  no build target for: C:\Users\yurig\Documents\projetos\scala-portfolio\backend\project\Dependencies.scala
nov. 22, 2023 11:36:16 PM scala.meta.internal.pc.CompilerAccess handleError
SEVERE: A severe compiler error occurred, full details of the error can be found in the error report C:\Users\yurig\Documents\projetos\scala-portfolio\.metals\.reports\metals-full\2023-11-22\r_compiler-error_23-36-16-663.md
nov. 22, 2023 11:36:19 PM scala.meta.internal.pc.CompilerAccess handleError
SEVERE: A severe compiler error occurred, full details of the error can be found in the error report C:\Users\yurig\Documents\projetos\scala-portfolio\.metals\.reports\metals-full\2023-11-22\r_compiler-error_23-36-19-228.md
nov. 22, 2023 11:36:19 PM scala.meta.internal.pc.CompilerAccess handleError
SEVERE: A severe compiler error occurred, full details of the error can be found in the error report C:\Users\yurig\Documents\projetos\scala-portfolio\.metals\.reports\metals-full\2023-11-22\r_compiler-error_23-36-19-256.md
nov. 22, 2023 11:36:19 PM scala.meta.internal.pc.CompilerAccess handleError
SEVERE: A severe compiler error occurred, full details of the error can be found in the error report C:\Users\yurig\Documents\projetos\scala-portfolio\.metals\.reports\metals-full\2023-11-22\r_compiler-error_23-36-19-310.md
nov. 22, 2023 11:36:19 PM scala.meta.internal.pc.CompilerAccess handleError
SEVERE: A severe compiler error occurred, full details of the error can be found in the error report C:\Users\yurig\Documents\projetos\scala-portfolio\.metals\.reports\metals-full\2023-11-22\r_compiler-error_23-36-19-351.md
Exception in thread "pool-4-thread-1" java.lang.InterruptedException
	at scala.meta.internal.metals.FutureCancelToken.checkCanceled(FutureCancelToken.scala:29)
	at scala.meta.internal.pc.CompilerAccess.$anonfun$onCompilerJobQueue$1(CompilerAccess.scala:230)
	at scala.meta.internal.pc.CompilerJobQueue$Job.run(CompilerJobQueue.scala:152)
	at java.base/java.util.concurrent.ThreadPoolExecutor.runWorker(ThreadPoolExecutor.java:1136)
	at java.base/java.util.concurrent.ThreadPoolExecutor$Worker.run(ThreadPoolExecutor.java:635)
	at java.base/java.lang.Thread.run(Thread.java:833)
nov. 22, 2023 11:36:19 PM scala.meta.internal.pc.CompilerAccess handleError
SEVERE: A severe compiler error occurred, full details of the error can be found in the error report C:\Users\yurig\Documents\projetos\scala-portfolio\.metals\.reports\metals-full\2023-11-22\r_compiler-error_23-36-19-399.md
nov. 22, 2023 11:36:19 PM scala.meta.internal.pc.CompilerAccess handleError
SEVERE: A severe compiler error occurred, full details of the error can be found in the error report C:\Users\yurig\Documents\projetos\scala-portfolio\.metals\.reports\metals-full\2023-11-22\r_compiler-error_23-36-19-441.md
nov. 22, 2023 11:36:20 PM scala.meta.internal.pc.CompilerAccess handleError
SEVERE: A severe compiler error occurred, full details of the error can be found in the error report C:\Users\yurig\Documents\projetos\scala-portfolio\.metals\.reports\metals-full\2023-11-22\r_compiler-error_23-36-20-809.md
nov. 22, 2023 11:36:20 PM scala.meta.internal.pc.CompilerAccess handleError
SEVERE: A severe compiler error occurred, full details of the error can be found in the error report C:\Users\yurig\Documents\projetos\scala-portfolio\.metals\.reports\metals-full\2023-11-22\r_compiler-error_23-36-20-837.md
Exception in thread "pool-4-thread-2" java.lang.InterruptedException
	at scala.meta.internal.metals.FutureCancelToken.checkCanceled(FutureCancelToken.scala:29)
	at scala.meta.internal.pc.CompilerAccess.$anonfun$onCompilerJobQueue$1(CompilerAccess.scala:230)
	at scala.meta.internal.pc.CompilerJobQueue$Job.run(CompilerJobQueue.scala:152)
	at java.base/java.util.concurrent.ThreadPoolExecutor.runWorker(ThreadPoolExecutor.java:1136)
	at java.base/java.util.concurrent.ThreadPoolExecutor$Worker.run(ThreadPoolExecutor.java:635)
	at java.base/java.lang.Thread.run(Thread.java:833)
nov. 22, 2023 11:36:20 PM scala.meta.internal.pc.CompilerAccess handleError
SEVERE: A severe compiler error occurred, full details of the error can be found in the error report C:\Users\yurig\Documents\projetos\scala-portfolio\.metals\.reports\metals-full\2023-11-22\r_compiler-error_23-36-20-866.md
nov. 22, 2023 11:36:20 PM scala.meta.internal.pc.CompilerAccess handleError
SEVERE: A severe compiler error occurred, full details of the error can be found in the error report C:\Users\yurig\Documents\projetos\scala-portfolio\.metals\.reports\metals-full\2023-11-22\r_compiler-error_23-36-20-907.md
nov. 22, 2023 11:36:21 PM scala.meta.internal.pc.CompilerAccess handleError
SEVERE: A severe compiler error occurred, full details of the error can be found in the error report C:\Users\yurig\Documents\projetos\scala-portfolio\.metals\.reports\metals-full\2023-11-22\r_compiler-error_23-36-21-809.md
nov. 22, 2023 11:36:21 PM scala.meta.internal.pc.CompilerAccess handleError
SEVERE: A severe compiler error occurred, full details of the error can be found in the error report C:\Users\yurig\Documents\projetos\scala-portfolio\.metals\.reports\metals-full\2023-11-22\r_compiler-error_23-36-21-838.md
nov. 22, 2023 11:36:21 PM org.eclipse.lsp4j.jsonrpc.RemoteEndpoint handleCancellation
WARNING: Unmatched cancel notification for request id 417
nov. 22, 2023 11:36:21 PM scala.meta.internal.pc.CompilerAccess handleError
SEVERE: A severe compiler error occurred, full details of the error can be found in the error report C:\Users\yurig\Documents\projetos\scala-portfolio\.metals\.reports\metals-full\2023-11-22\r_compiler-error_23-36-21-880.md
nov. 22, 2023 11:36:21 PM scala.meta.internal.pc.CompilerAccess handleError
SEVERE: A severe compiler error occurred, full details of the error can be found in the error report C:\Users\yurig\Documents\projetos\scala-portfolio\.metals\.reports\metals-full\2023-11-22\r_compiler-error_23-36-21-914.md
Exception in thread "pool-4-thread-3" java.lang.InterruptedException
	at scala.meta.internal.metals.FutureCancelToken.checkCanceled(FutureCancelToken.scala:29)
	at scala.meta.internal.pc.CompilerAccess.$anonfun$onCompilerJobQueue$1(CompilerAccess.scala:230)
	at scala.meta.internal.pc.CompilerJobQueue$Job.run(CompilerJobQueue.scala:152)
	at java.base/java.util.concurrent.ThreadPoolExecutor.runWorker(ThreadPoolExecutor.java:1136)
	at java.base/java.util.concurrent.ThreadPoolExecutor$Worker.run(ThreadPoolExecutor.java:635)
	at java.base/java.lang.Thread.run(Thread.java:833)
nov. 22, 2023 11:36:21 PM scala.meta.internal.pc.CompilerAccess handleError
SEVERE: A severe compiler error occurred, full details of the error can be found in the error report C:\Users\yurig\Documents\projetos\scala-portfolio\.metals\.reports\metals-full\2023-11-22\r_compiler-error_23-36-21-942.md
nov. 22, 2023 11:36:21 PM scala.meta.internal.pc.CompilerAccess handleError
SEVERE: A severe compiler error occurred, full details of the error can be found in the error report C:\Users\yurig\Documents\projetos\scala-portfolio\.metals\.reports\metals-full\2023-11-22\r_compiler-error_23-36-21-969.md
nov. 22, 2023 11:36:26 PM scala.meta.internal.pc.CompilerAccess handleError
SEVERE: A severe compiler error occurred, full details of the error can be found in the error report C:\Users\yurig\Documents\projetos\scala-portfolio\.metals\.reports\metals-full\2023-11-22\r_compiler-error_23-36-26-546.md
nov. 22, 2023 11:36:26 PM scala.meta.internal.pc.CompilerAccess handleError
SEVERE: A severe compiler error occurred, full details of the error can be found in the error report C:\Users\yurig\Documents\projetos\scala-portfolio\.metals\.reports\metals-full\2023-11-22\r_compiler-error_23-36-26-973.md
2023.11.22 23:36:30 WARN  no build target for: C:\Users\yurig\Documents\projetos\scala-portfolio\backend\project\Dependencies.scala
2023.11.22 23:36:31 INFO  running 'C:\Users\yurig\.jabba\jdk\openjdk@1.17.0\bin\java.exe -Djline.terminal=jline.UnsupportedTerminal -Dsbt.log.noformat=true -Dfile.encoding=UTF-8 -jar C:\Users\yurig\AppData\Local\Temp\metals6566147180415428859\sbt-launch.jar -Dbloop.export-jar-classifiers=sources bloopInstall'
2023.11.22 23:36:33 INFO  [info] welcome to sbt 1.9.6 (Oracle Corporation Java 17)
2023.11.22 23:36:33 INFO  [info] loading settings for project backend-build-build from metals.sbt ...
2023.11.22 23:36:33 INFO  [info] loading project definition from C:\Users\yurig\Documents\projetos\scala-portfolio\backend\project\project
2023.11.22 23:36:34 INFO  [info] loading settings for project backend-build from metals.sbt ...
2023.11.22 23:36:34 INFO  [info] loading project definition from C:\Users\yurig\Documents\projetos\scala-portfolio\backend\project
2023.11.22 23:36:36 INFO  [success] Generated .bloop\backend-build.json
2023.11.22 23:36:36 INFO  [info] compiling 1 Scala source to C:\Users\yurig\Documents\projetos\scala-portfolio\backend\project\target\scala-2.12\sbt-1.0\classes ...
2023.11.22 23:36:37 INFO  [info] done compiling
2023.11.22 23:36:37 INFO  [success] Total time: 3 s, completed 22 de nov. de 2023 23:36:38
2023.11.22 23:36:39 INFO  [info] loading settings for project root from build.sbt ...
2023.11.22 23:36:39 INFO  [info] set current project to PortfolioOptimization (in build file:/C:/Users/yurig/Documents/projetos/scala-portfolio/backend/)
nov. 22, 2023 11:36:42 PM org.eclipse.lsp4j.jsonrpc.RemoteEndpoint handleCancellation
WARNING: Unmatched cancel notification for request id 454
2023.11.22 23:36:46 INFO  [success] Generated .bloop\root.json
2023.11.22 23:36:49 INFO  [success] Generated .bloop\root-test.json
2023.11.22 23:36:49 INFO  [success] Total time: 10 s, completed 22 de nov. de 2023 23:36:49
2023.11.22 23:36:49 INFO  time: ran 'sbt bloopInstall' in 17s
2023.11.22 23:36:49 INFO  Disconnecting from Bloop session...
2023.11.22 23:36:49 INFO  Shut down connection with build server.
2023.11.22 23:36:49 INFO  Attempting to connect to the build server...
2023.11.22 23:36:49 INFO  Bloop uses C:\Users\yurig\.jabba\jdk\openjdk@1.17.0 defined at C:\Users\yurig\.bloop\bloop.json
2023.11.22 23:36:49 INFO  tracing is disabled for protocol BSP, to enable tracing of incoming and outgoing JSON messages create an empty file at C:\Users\yurig\Documents\projetos\scala-portfolio\.metals\bsp.trace.json or C:\Users\yurig\AppData\Local\scalameta\metals\cache\bsp.trace.json
2023.11.22 23:36:49 INFO  time: Connected to build server in 55ms
2023.11.22 23:36:49 INFO  Connected to Build server: Bloop v1.5.11
2023.11.22 23:36:51 INFO  time: indexed workspace in 2.2s
2023.11.22 23:36:51 WARN  no build target for: C:\Users\yurig\Documents\projetos\scala-portfolio\backend\project\Dependencies.scala
2023.11.22 23:36:51 INFO  compiling root (6 scala sources)
2023.11.22 23:36:55 INFO  time: compiled root in 3.42s
2023.11.22 23:36:55 INFO  compiling root-test (5 scala sources)
2023.11.22 23:36:56 INFO  time: compiled root-test in 1.13s
2023.11.22 23:36:58 INFO  compiling root (1 scala source)
2023.11.22 23:36:58 WARN  Using indexes to guess the definition of sequence
2023.11.22 23:36:58 INFO  time: compiled root in 0.67s
2023.11.22 23:37:27 INFO  compiling root (1 scala source)
2023.11.22 23:37:27 INFO  time: compiled root in 0.2s
2023.11.22 23:37:28 WARN  Could not load snapshot text for C:\Users\yurig\Documents\projetos\scala-portfolio\backend\src\main\scala\Main.scala
2023.11.22 23:37:43 WARN  Could not load snapshot text for C:\Users\yurig\Documents\projetos\scala-portfolio\backend\src\main\scala\Main.scala
2023.11.22 23:37:44 WARN  Could not load snapshot text for C:\Users\yurig\Documents\projetos\scala-portfolio\backend\src\main\scala\Main.scala
2023.11.22 23:37:45 WARN  Could not load snapshot text for C:\Users\yurig\Documents\projetos\scala-portfolio\backend\src\main\scala\Main.scala
2023.11.22 23:37:46 WARN  Could not load snapshot text for C:\Users\yurig\Documents\projetos\scala-portfolio\backend\src\main\scala\Main.scala
2023.11.22 23:37:46 INFO  compiling root (1 scala source)
2023.11.22 23:37:46 INFO  time: compiled root in 0.62s
2023.11.22 23:40:23 INFO  Shutting down server
2023.11.22 23:40:23 INFO  shutting down Metals
2023.11.22 23:40:23 INFO  Shut down connection with build server.
2023.11.22 23:40:23 INFO  Exiting server
